<?xml version="1.0" encoding="UTF-8"?>
<coverage generated="1785444930659" clover="3.2.0">
  <project timestamp="1785444930659" name="All files">
    <metrics statements="159" coveredstatements="147" conditionals="98" coveredconditionals="58" methods="37" coveredmethods="32" elements="294" coveredelements="237" complexity="0" loc="159" ncloc="159" packages="2" files="5" classes="5"/>
    <package name="BillingContext">
      <metrics statements="108" coveredstatements="105" conditionals="56" coveredconditionals="44" methods="19" coveredmethods="17"/>
      <file name="index.tsx" path="C:\Users\aadik\Downloads\PLATES\App\context\BillingContext\index.tsx">
        <metrics statements="108" coveredstatements="105" conditionals="56" coveredconditionals="44" methods="19" coveredmethods="17"/>
        <line num="15" count="2" type="stmt"/>
        <line num="17" count="2" type="stmt"/>
        <line num="20" count="149" type="stmt"/>
        <line num="22" count="149" type="stmt"/>
        <line num="23" count="149" type="stmt"/>
        <line num="24" count="149" type="stmt"/>
        <line num="25" count="149" type="stmt"/>
        <line num="26" count="149" type="stmt"/>
        <line num="27" count="149" type="stmt"/>
        <line num="28" count="149" type="stmt"/>
        <line num="29" count="149" type="stmt"/>
        <line num="30" count="149" type="stmt"/>
        <line num="32" count="149" type="cond" truecount="2" falsecount="0"/>
        <line num="35" count="149" type="stmt"/>
        <line num="36" count="60" type="stmt"/>
        <line num="37" count="60" type="stmt"/>
        <line num="43" count="149" type="stmt"/>
        <line num="44" count="51" type="stmt"/>
        <line num="48" count="51" type="cond" truecount="2" falsecount="0"/>
        <line num="51" count="51" type="cond" truecount="2" falsecount="0"/>
        <line num="52" count="1" type="stmt"/>
        <line num="55" count="50" type="cond" truecount="2" falsecount="0"/>
        <line num="57" count="4" type="cond" truecount="4" falsecount="0"/>
        <line num="58" count="3" type="stmt"/>
        <line num="59" count="0" type="stmt"/>
        <line num="61" count="3" type="stmt"/>
        <line num="63" count="4" type="cond" truecount="1" falsecount="1"/>
        <line num="64" count="4" type="stmt"/>
        <line num="65" count="4" type="stmt"/>
        <line num="66" count="4" type="stmt"/>
        <line num="67" count="4" type="stmt"/>
        <line num="68" count="4" type="stmt"/>
        <line num="69" count="4" type="stmt"/>
        <line num="70" count="4" type="stmt"/>
        <line num="73" count="46" type="stmt"/>
        <line num="74" count="46" type="stmt"/>
        <line num="75" count="46" type="stmt"/>
        <line num="79" count="46" type="stmt"/>
        <line num="80" count="1" type="cond" truecount="1" falsecount="1"/>
        <line num="81" count="1" type="stmt"/>
        <line num="82" count="1" type="stmt"/>
        <line num="83" count="1" type="stmt"/>
        <line num="86" count="46" type="stmt"/>
        <line num="87" count="46" type="cond" truecount="2" falsecount="0"/>
        <line num="88" count="26" type="stmt"/>
        <line num="94" count="26" type="cond" truecount="4" falsecount="0"/>
        <line num="95" count="1" type="stmt"/>
        <line num="96" count="1" type="stmt"/>
        <line num="98" count="25" type="cond" truecount="1" falsecount="1"/>
        <line num="101" count="25" type="stmt"/>
        <line num="102" count="25" type="stmt"/>
        <line num="103" count="25" type="stmt"/>
        <line num="104" count="20" type="cond" truecount="2" falsecount="0"/>
        <line num="107" count="2" type="stmt"/>
        <line num="111" count="18" type="stmt"/>
        <line num="112" count="18" type="stmt"/>
        <line num="113" count="18" type="stmt"/>
        <line num="114" count="18" type="stmt"/>
        <line num="115" count="18" type="stmt"/>
        <line num="118" count="5" type="stmt"/>
        <line num="122" count="6" type="cond" truecount="1" falsecount="1"/>
        <line num="123" count="6" type="stmt"/>
        <line num="124" count="6" type="stmt"/>
        <line num="126" count="5" type="cond" truecount="2" falsecount="0"/>
        <line num="127" count="4" type="stmt"/>
        <line num="130" count="31" type="stmt"/>
        <line num="131" count="31" type="cond" truecount="1" falsecount="1"/>
        <line num="132" count="31" type="stmt"/>
        <line num="133" count="31" type="stmt"/>
        <line num="135" count="6" type="cond" truecount="1" falsecount="1"/>
        <line num="136" count="6" type="cond" truecount="1" falsecount="1"/>
        <line num="138" count="39" type="cond" truecount="1" falsecount="1"/>
        <line num="139" count="39" type="cond" truecount="2" falsecount="0"/>
        <line num="140" count="38" type="stmt"/>
        <line num="141" count="38" type="stmt"/>
        <line num="146" count="51" type="stmt"/>
        <line num="147" count="51" type="stmt"/>
        <line num="148" count="44" type="cond" truecount="4" falsecount="0"/>
        <line num="149" count="38" type="stmt"/>
        <line num="150" count="0" type="cond" truecount="0" falsecount="2"/>
        <line num="152" count="38" type="stmt"/>
        <line num="156" count="51" type="stmt"/>
        <line num="157" count="47" type="stmt"/>
        <line num="158" count="47" type="cond" truecount="2" falsecount="0"/>
        <line num="159" count="47" type="cond" truecount="2" falsecount="0"/>
        <line num="165" count="149" type="stmt"/>
        <line num="166" count="6" type="stmt"/>
        <line num="167" count="2" type="stmt"/>
        <line num="170" count="149" type="stmt"/>
        <line num="171" count="4" type="stmt"/>
        <line num="172" count="4" type="stmt"/>
        <line num="174" count="4" type="stmt"/>
        <line num="175" count="3" type="stmt"/>
        <line num="177" count="4" type="stmt"/>
        <line num="181" count="149" type="stmt"/>
        <line num="182" count="149" type="cond" truecount="3" falsecount="1"/>
        <line num="185" count="149" type="stmt"/>
        <line num="186" count="149" type="stmt"/>
        <line num="187" count="149" type="stmt"/>
        <line num="188" count="149" type="stmt"/>
        <line num="189" count="149" type="stmt"/>
        <line num="191" count="149" type="stmt"/>
        <line num="192" count="124" type="stmt"/>
        <line num="212" count="149" type="stmt"/>
        <line num="216" count="145" type="stmt"/>
        <line num="217" count="145" type="cond" truecount="1" falsecount="1"/>
        <line num="218" count="0" type="stmt"/>
        <line num="220" count="145" type="stmt"/>
      </file>
      <file name="types.ts" path="C:\Users\aadik\Downloads\PLATES\App\context\BillingContext\types.ts">
        <metrics statements="0" coveredstatements="0" conditionals="0" coveredconditionals="0" methods="0" coveredmethods="0"/>
      </file>
    </package>
    <package name="BillingContext.functions">
      <metrics statements="51" coveredstatements="42" conditionals="42" coveredconditionals="14" methods="18" coveredmethods="15"/>
      <file name="billingFunctions.tsx" path="C:\Users\aadik\Downloads\PLATES\App\context\BillingContext\functions\billingFunctions.tsx">
        <metrics statements="29" coveredstatements="20" conditionals="34" coveredconditionals="6" methods="9" coveredmethods="7"/>
        <line num="4" count="3" type="stmt"/>
        <line num="9" count="43" type="stmt"/>
        <line num="14" count="32" type="cond" truecount="1" falsecount="1"/>
        <line num="15" count="0" type="cond" truecount="0" falsecount="2"/>
        <line num="17" count="0" type="cond" truecount="0" falsecount="3"/>
        <line num="25" count="32" type="cond" truecount="1" falsecount="1"/>
        <line num="26" count="0" type="cond" truecount="0" falsecount="2"/>
        <line num="28" count="0" type="cond" truecount="0" falsecount="3"/>
        <line num="36" count="30" type="stmt"/>
        <line num="37" count="30" type="stmt"/>
        <line num="38" count="30" type="cond" truecount="2" falsecount="4"/>
        <line num="39" count="0" type="stmt"/>
        <line num="40" count="0" type="cond" truecount="0" falsecount="4"/>
        <line num="45" count="60" type="cond" truecount="1" falsecount="1"/>
        <line num="46" count="0" type="stmt"/>
        <line num="54" count="2" type="stmt"/>
        <line num="55" count="2" type="stmt"/>
        <line num="56" count="2" type="stmt"/>
        <line num="57" count="2" type="stmt"/>
        <line num="58" count="2" type="stmt"/>
        <line num="60" count="0" type="cond" truecount="0" falsecount="2"/>
        <line num="61" count="0" type="stmt"/>
        <line num="67" count="5" type="stmt"/>
        <line num="68" count="5" type="stmt"/>
        <line num="69" count="5" type="stmt"/>
        <line num="70" count="3" type="stmt"/>
        <line num="71" count="3" type="stmt"/>
        <line num="73" count="2" type="cond" truecount="1" falsecount="1"/>
        <line num="74" count="2" type="stmt"/>
      </file>
      <file name="identityGuard.ts" path="C:\Users\aadik\Downloads\PLATES\App\context\BillingContext\functions\identityGuard.ts">
        <metrics statements="13" coveredstatements="13" conditionals="8" coveredconditionals="8" methods="4" coveredmethods="3"/>
        <line num="9" count="3" type="stmt"/>
        <line num="16" count="13" type="stmt"/>
        <line num="17" count="13" type="stmt"/>
        <line num="18" count="13" type="stmt"/>
        <line num="29" count="21" type="cond" truecount="2" falsecount="0"/>
        <line num="32" count="19" type="stmt"/>
        <line num="33" count="19" type="cond" truecount="2" falsecount="0"/>
        <line num="35" count="14" type="cond" truecount="2" falsecount="0"/>
        <line num="37" count="9" type="stmt"/>
        <line num="38" count="9" type="stmt"/>
        <line num="40" count="3" type="stmt"/>
        <line num="43" count="6" type="stmt"/>
        <line num="44" count="6" type="cond" truecount="2" falsecount="0"/>
      </file>
      <file name="sdkIdentity.ts" path="C:\Users\aadik\Downloads\PLATES\App\context\BillingContext\functions\sdkIdentity.ts">
        <metrics statements="9" coveredstatements="9" conditionals="0" coveredconditionals="0" methods="5" coveredmethods="5"/>
        <line num="4" count="2" type="stmt"/>
        <line num="5" count="2" type="stmt"/>
        <line num="9" count="50" type="stmt"/>
        <line num="14" count="23" type="stmt"/>
        <line num="19" count="25" type="stmt"/>
        <line num="20" count="25" type="stmt"/>
        <line num="25" count="8" type="stmt"/>
        <line num="31" count="28" type="stmt"/>
        <line num="32" count="28" type="stmt"/>
      </file>
    </package>
  </project>
</coverage>
