{"C:\\Users\\aadik\\Downloads\\PLATES\\App\\context\\BillingContext\\index.tsx": {"path":"C:\\Users\\aadik\\Downloads\\PLATES\\App\\context\\BillingContext\\index.tsx","statementMap":{"0":{"start":{"line":15,"column":23},"end":{"line":15,"column":84}},"1":{"start":{"line":17,"column":32},"end":{"line":17,"column":38}},"2":{"start":{"line":20,"column":43},"end":{"line":20,"column":52}},"3":{"start":{"line":22,"column":38},"end":{"line":22,"column":57}},"4":{"start":{"line":23,"column":44},"end":{"line":23,"column":79}},"5":{"start":{"line":24,"column":48},"end":{"line":24,"column":62}},"6":{"start":{"line":25,"column":32},"end":{"line":25,"column":47}},"7":{"start":{"line":26,"column":30},"end":{"line":26,"column":58}},"8":{"start":{"line":27,"column":38},"end":{"line":27,"column":53}},"9":{"start":{"line":28,"column":46},"end":{"line":28,"column":61}},"10":{"start":{"line":29,"column":30},"end":{"line":29,"column":67}},"11":{"start":{"line":30,"column":22},"end":{"line":30,"column":49}},"12":{"start":{"line":32,"column":20},"end":{"line":32,"column":49}},"13":{"start":{"line":35,"column":31},"end":{"line":38,"column":10}},"14":{"start":{"line":36,"column":8},"end":{"line":36,"column":42}},"15":{"start":{"line":37,"column":8},"end":{"line":37,"column":47}},"16":{"start":{"line":43,"column":4},"end":{"line":161,"column":51}},"17":{"start":{"line":44,"column":24},"end":{"line":44,"column":29}},"18":{"start":{"line":48,"column":8},"end":{"line":48,"column":44}},"19":{"start":{"line":51,"column":12},"end":{"line":53,"column":13}},"20":{"start":{"line":52,"column":16},"end":{"line":52,"column":22}},"21":{"start":{"line":55,"column":12},"end":{"line":71,"column":13}},"22":{"start":{"line":57,"column":16},"end":{"line":62,"column":17}},"23":{"start":{"line":58,"column":20},"end":{"line":60,"column":22}},"24":{"start":{"line":59,"column":24},"end":{"line":59,"column":116}},"25":{"start":{"line":61,"column":20},"end":{"line":61,"column":38}},"26":{"start":{"line":63,"column":16},"end":{"line":63,"column":37}},"27":{"start":{"line":63,"column":31},"end":{"line":63,"column":37}},"28":{"start":{"line":64,"column":16},"end":{"line":64,"column":42}},"29":{"start":{"line":65,"column":16},"end":{"line":65,"column":34}},"30":{"start":{"line":66,"column":16},"end":{"line":66,"column":37}},"31":{"start":{"line":67,"column":16},"end":{"line":67,"column":30}},"32":{"start":{"line":68,"column":16},"end":{"line":68,"column":40}},"33":{"start":{"line":69,"column":16},"end":{"line":69,"column":31}},"34":{"start":{"line":70,"column":16},"end":{"line":70,"column":22}},"35":{"start":{"line":73,"column":12},"end":{"line":73,"column":28}},"36":{"start":{"line":74,"column":12},"end":{"line":74,"column":35}},"37":{"start":{"line":75,"column":12},"end":{"line":75,"column":26}},"38":{"start":{"line":79,"column":12},"end":{"line":84,"column":39}},"39":{"start":{"line":80,"column":16},"end":{"line":80,"column":37}},"40":{"start":{"line":80,"column":31},"end":{"line":80,"column":37}},"41":{"start":{"line":81,"column":16},"end":{"line":81,"column":112}},"42":{"start":{"line":82,"column":16},"end":{"line":82,"column":31}},"43":{"start":{"line":83,"column":16},"end":{"line":83,"column":40}},"44":{"start":{"line":86,"column":12},"end":{"line":143,"column":13}},"45":{"start":{"line":87,"column":16},"end":{"line":128,"column":17}},"46":{"start":{"line":88,"column":35},"end":{"line":91,"column":22}},"47":{"start":{"line":94,"column":20},"end":{"line":97,"column":21}},"48":{"start":{"line":95,"column":24},"end":{"line":95,"column":50}},"49":{"start":{"line":96,"column":24},"end":{"line":96,"column":30}},"50":{"start":{"line":98,"column":20},"end":{"line":98,"column":88}},"51":{"start":{"line":101,"column":20},"end":{"line":101,"column":71}},"52":{"start":{"line":102,"column":20},"end":{"line":102,"column":46}},"53":{"start":{"line":103,"column":20},"end":{"line":103,"column":50}},"54":{"start":{"line":104,"column":23},"end":{"line":128,"column":17}},"55":{"start":{"line":107,"column":20},"end":{"line":107,"column":50}},"56":{"start":{"line":111,"column":20},"end":{"line":111,"column":38}},"57":{"start":{"line":112,"column":20},"end":{"line":112,"column":41}},"58":{"start":{"line":113,"column":20},"end":{"line":113,"column":49}},"59":{"start":{"line":114,"column":20},"end":{"line":125,"column":21}},"60":{"start":{"line":115,"column":24},"end":{"line":115,"column":54}},"61":{"start":{"line":118,"column":24},"end":{"line":118,"column":45}},"62":{"start":{"line":122,"column":24},"end":{"line":122,"column":68}},"63":{"start":{"line":122,"column":40},"end":{"line":122,"column":68}},"64":{"start":{"line":123,"column":24},"end":{"line":123,"column":84}},"65":{"start":{"line":124,"column":24},"end":{"line":124,"column":33}},"66":{"start":{"line":126,"column":20},"end":{"line":126,"column":41}},"67":{"start":{"line":126,"column":35},"end":{"line":126,"column":41}},"68":{"start":{"line":127,"column":20},"end":{"line":127,"column":50}},"69":{"start":{"line":130,"column":46},"end":{"line":130,"column":120}},"70":{"start":{"line":131,"column":16},"end":{"line":131,"column":37}},"71":{"start":{"line":131,"column":31},"end":{"line":131,"column":37}},"72":{"start":{"line":132,"column":16},"end":{"line":132,"column":43}},"73":{"start":{"line":133,"column":16},"end":{"line":133,"column":37}},"74":{"start":{"line":135,"column":16},"end":{"line":135,"column":37}},"75":{"start":{"line":135,"column":31},"end":{"line":135,"column":37}},"76":{"start":{"line":136,"column":16},"end":{"line":136,"column":77}},"77":{"start":{"line":138,"column":16},"end":{"line":138,"column":54}},"78":{"start":{"line":138,"column":31},"end":{"line":138,"column":54}},"79":{"start":{"line":139,"column":16},"end":{"line":142,"column":17}},"80":{"start":{"line":140,"column":20},"end":{"line":140,"column":35}},"81":{"start":{"line":141,"column":20},"end":{"line":141,"column":44}},"82":{"start":{"line":146,"column":8},"end":{"line":154,"column":12}},"83":{"start":{"line":147,"column":12},"end":{"line":147,"column":37}},"84":{"start":{"line":148,"column":12},"end":{"line":153,"column":13}},"85":{"start":{"line":149,"column":16},"end":{"line":151,"column":17}},"86":{"start":{"line":150,"column":20},"end":{"line":150,"column":57}},"87":{"start":{"line":150,"column":36},"end":{"line":150,"column":57}},"88":{"start":{"line":152,"column":16},"end":{"line":152,"column":65}},"89":{"start":{"line":156,"column":8},"end":{"line":160,"column":9}},"90":{"start":{"line":157,"column":12},"end":{"line":157,"column":28}},"91":{"start":{"line":158,"column":12},"end":{"line":158,"column":50}},"92":{"start":{"line":158,"column":27},"end":{"line":158,"column":50}},"93":{"start":{"line":159,"column":12},"end":{"line":159,"column":78}},"94":{"start":{"line":159,"column":26},"end":{"line":159,"column":78}},"95":{"start":{"line":165,"column":34},"end":{"line":168,"column":10}},"96":{"start":{"line":166,"column":8},"end":{"line":166,"column":81}},"97":{"start":{"line":167,"column":8},"end":{"line":167,"column":62}},"98":{"start":{"line":170,"column":35},"end":{"line":179,"column":10}},"99":{"start":{"line":171,"column":8},"end":{"line":171,"column":26}},"100":{"start":{"line":172,"column":8},"end":{"line":178,"column":9}},"101":{"start":{"line":174,"column":12},"end":{"line":174,"column":85}},"102":{"start":{"line":175,"column":12},"end":{"line":175,"column":68}},"103":{"start":{"line":177,"column":12},"end":{"line":177,"column":31}},"104":{"start":{"line":181,"column":22},"end":{"line":181,"column":40}},"105":{"start":{"line":182,"column":23},"end":{"line":182,"column":132}},"106":{"start":{"line":182,"column":38},"end":{"line":182,"column":103}},"107":{"start":{"line":185,"column":27},"end":{"line":185,"column":83}},"108":{"start":{"line":185,"column":41},"end":{"line":185,"column":69}},"109":{"start":{"line":186,"column":26},"end":{"line":186,"column":81}},"110":{"start":{"line":186,"column":40},"end":{"line":186,"column":67}},"111":{"start":{"line":187,"column":22},"end":{"line":187,"column":90}},"112":{"start":{"line":187,"column":36},"end":{"line":187,"column":71}},"113":{"start":{"line":188,"column":28},"end":{"line":188,"column":94}},"114":{"start":{"line":188,"column":42},"end":{"line":188,"column":76}},"115":{"start":{"line":189,"column":33},"end":{"line":189,"column":135}},"116":{"start":{"line":189,"column":47},"end":{"line":189,"column":101}},"117":{"start":{"line":191,"column":18},"end":{"line":210,"column":5}},"118":{"start":{"line":192,"column":15},"end":{"line":208,"column":9}},"119":{"start":{"line":212,"column":4},"end":{"line":212,"column":86}},"120":{"start":{"line":216,"column":20},"end":{"line":216,"column":46}},"121":{"start":{"line":217,"column":4},"end":{"line":219,"column":5}},"122":{"start":{"line":218,"column":8},"end":{"line":218,"column":75}},"123":{"start":{"line":220,"column":4},"end":{"line":220,"column":18}}},"fnMap":{"0":{"name":"BillingProvider","decl":{"start":{"line":19,"column":16},"end":{"line":19,"column":31}},"loc":{"start":{"line":19,"column":77},"end":{"line":213,"column":1}},"line":19},"1":{"name":"(anonymous_1)","decl":{"start":{"line":35,"column":43},"end":{"line":35,"column":44}},"loc":{"start":{"line":35,"column":78},"end":{"line":38,"column":5}},"line":35},"2":{"name":"(anonymous_2)","decl":{"start":{"line":43,"column":14},"end":{"line":43,"column":15}},"loc":{"start":{"line":43,"column":20},"end":{"line":161,"column":5}},"line":43},"3":{"name":"initializeBilling","decl":{"start":{"line":50,"column":23},"end":{"line":50,"column":40}},"loc":{"start":{"line":50,"column":43},"end":{"line":144,"column":9}},"line":50},"4":{"name":"(anonymous_4)","decl":{"start":{"line":58,"column":51},"end":{"line":58,"column":52}},"loc":{"start":{"line":58,"column":58},"end":{"line":60,"column":21}},"line":58},"5":{"name":"(anonymous_5)","decl":{"start":{"line":79,"column":35},"end":{"line":79,"column":36}},"loc":{"start":{"line":79,"column":41},"end":{"line":84,"column":13}},"line":79},"6":{"name":"(anonymous_6)","decl":{"start":{"line":146,"column":14},"end":{"line":146,"column":15}},"loc":{"start":{"line":146,"column":26},"end":{"line":154,"column":9}},"line":146},"7":{"name":"(anonymous_7)","decl":{"start":{"line":149,"column":27},"end":{"line":149,"column":28}},"loc":{"start":{"line":149,"column":37},"end":{"line":151,"column":17}},"line":149},"8":{"name":"(anonymous_8)","decl":{"start":{"line":156,"column":15},"end":{"line":156,"column":16}},"loc":{"start":{"line":156,"column":21},"end":{"line":160,"column":9}},"line":156},"9":{"name":"(anonymous_9)","decl":{"start":{"line":165,"column":46},"end":{"line":165,"column":47}},"loc":{"start":{"line":165,"column":79},"end":{"line":168,"column":5}},"line":165},"10":{"name":"(anonymous_10)","decl":{"start":{"line":170,"column":47},"end":{"line":170,"column":48}},"loc":{"start":{"line":170,"column":59},"end":{"line":179,"column":5}},"line":170},"11":{"name":"(anonymous_11)","decl":{"start":{"line":182,"column":31},"end":{"line":182,"column":32}},"loc":{"start":{"line":182,"column":38},"end":{"line":182,"column":103}},"line":182},"12":{"name":"(anonymous_12)","decl":{"start":{"line":185,"column":35},"end":{"line":185,"column":36}},"loc":{"start":{"line":185,"column":41},"end":{"line":185,"column":69}},"line":185},"13":{"name":"(anonymous_13)","decl":{"start":{"line":186,"column":34},"end":{"line":186,"column":35}},"loc":{"start":{"line":186,"column":40},"end":{"line":186,"column":67}},"line":186},"14":{"name":"(anonymous_14)","decl":{"start":{"line":187,"column":30},"end":{"line":187,"column":31}},"loc":{"start":{"line":187,"column":36},"end":{"line":187,"column":71}},"line":187},"15":{"name":"(anonymous_15)","decl":{"start":{"line":188,"column":36},"end":{"line":188,"column":37}},"loc":{"start":{"line":188,"column":42},"end":{"line":188,"column":76}},"line":188},"16":{"name":"(anonymous_16)","decl":{"start":{"line":189,"column":41},"end":{"line":189,"column":42}},"loc":{"start":{"line":189,"column":47},"end":{"line":189,"column":101}},"line":189},"17":{"name":"(anonymous_17)","decl":{"start":{"line":192,"column":8},"end":{"line":192,"column":9}},"loc":{"start":{"line":192,"column":15},"end":{"line":208,"column":9}},"line":192},"18":{"name":"useBilling","decl":{"start":{"line":215,"column":16},"end":{"line":215,"column":26}},"loc":{"start":{"line":215,"column":29},"end":{"line":221,"column":1}},"line":215}},"branchMap":{"0":{"loc":{"start":{"line":32,"column":20},"end":{"line":32,"column":49}},"type":"binary-expr","locations":[{"start":{"line":32,"column":20},"end":{"line":32,"column":31}},{"start":{"line":32,"column":35},"end":{"line":32,"column":49}}],"line":32},"1":{"loc":{"start":{"line":48,"column":28},"end":{"line":48,"column":44}},"type":"binary-expr","locations":[{"start":{"line":48,"column":28},"end":{"line":48,"column":36}},{"start":{"line":48,"column":40},"end":{"line":48,"column":44}}],"line":48},"2":{"loc":{"start":{"line":51,"column":12},"end":{"line":53,"column":13}},"type":"if","locations":[{"start":{"line":51,"column":12},"end":{"line":53,"column":13}},{"start":{},"end":{}}],"line":51},"3":{"loc":{"start":{"line":55,"column":12},"end":{"line":71,"column":13}},"type":"if","locations":[{"start":{"line":55,"column":12},"end":{"line":71,"column":13}},{"start":{},"end":{}}],"line":55},"4":{"loc":{"start":{"line":57,"column":16},"end":{"line":62,"column":17}},"type":"if","locations":[{"start":{"line":57,"column":16},"end":{"line":62,"column":17}},{"start":{},"end":{}}],"line":57},"5":{"loc":{"start":{"line":57,"column":20},"end":{"line":57,"column":63}},"type":"binary-expr","locations":[{"start":{"line":57,"column":20},"end":{"line":57,"column":37}},{"start":{"line":57,"column":41},"end":{"line":57,"column":63}}],"line":57},"6":{"loc":{"start":{"line":63,"column":16},"end":{"line":63,"column":37}},"type":"if","locations":[{"start":{"line":63,"column":16},"end":{"line":63,"column":37}},{"start":{},"end":{}}],"line":63},"7":{"loc":{"start":{"line":80,"column":16},"end":{"line":80,"column":37}},"type":"if","locations":[{"start":{"line":80,"column":16},"end":{"line":80,"column":37}},{"start":{},"end":{}}],"line":80},"8":{"loc":{"start":{"line":87,"column":16},"end":{"line":128,"column":17}},"type":"if","locations":[{"start":{"line":87,"column":16},"end":{"line":128,"column":17}},{"start":{"line":104,"column":23},"end":{"line":128,"column":17}}],"line":87},"9":{"loc":{"start":{"line":94,"column":20},"end":{"line":97,"column":21}},"type":"if","locations":[{"start":{"line":94,"column":20},"end":{"line":97,"column":21}},{"start":{},"end":{}}],"line":94},"10":{"loc":{"start":{"line":94,"column":24},"end":{"line":94,"column":52}},"type":"binary-expr","locations":[{"start":{"line":94,"column":24},"end":{"line":94,"column":31}},{"start":{"line":94,"column":35},"end":{"line":94,"column":52}}],"line":94},"11":{"loc":{"start":{"line":98,"column":42},"end":{"line":98,"column":87}},"type":"cond-expr","locations":[{"start":{"line":98,"column":52},"end":{"line":98,"column":69}},{"start":{"line":98,"column":72},"end":{"line":98,"column":87}}],"line":98},"12":{"loc":{"start":{"line":104,"column":23},"end":{"line":128,"column":17}},"type":"if","locations":[{"start":{"line":104,"column":23},"end":{"line":128,"column":17}},{"start":{"line":108,"column":23},"end":{"line":128,"column":17}}],"line":104},"13":{"loc":{"start":{"line":122,"column":24},"end":{"line":122,"column":68}},"type":"if","locations":[{"start":{"line":122,"column":24},"end":{"line":122,"column":68}},{"start":{},"end":{}}],"line":122},"14":{"loc":{"start":{"line":126,"column":20},"end":{"line":126,"column":41}},"type":"if","locations":[{"start":{"line":126,"column":20},"end":{"line":126,"column":41}},{"start":{},"end":{}}],"line":126},"15":{"loc":{"start":{"line":131,"column":16},"end":{"line":131,"column":37}},"type":"if","locations":[{"start":{"line":131,"column":16},"end":{"line":131,"column":37}},{"start":{},"end":{}}],"line":131},"16":{"loc":{"start":{"line":135,"column":16},"end":{"line":135,"column":37}},"type":"if","locations":[{"start":{"line":135,"column":16},"end":{"line":135,"column":37}},{"start":{},"end":{}}],"line":135},"17":{"loc":{"start":{"line":136,"column":25},"end":{"line":136,"column":76}},"type":"cond-expr","locations":[{"start":{"line":136,"column":48},"end":{"line":136,"column":51}},{"start":{"line":136,"column":54},"end":{"line":136,"column":76}}],"line":136},"18":{"loc":{"start":{"line":138,"column":16},"end":{"line":138,"column":54}},"type":"if","locations":[{"start":{"line":138,"column":16},"end":{"line":138,"column":54}},{"start":{},"end":{}}],"line":138},"19":{"loc":{"start":{"line":139,"column":16},"end":{"line":142,"column":17}},"type":"if","locations":[{"start":{"line":139,"column":16},"end":{"line":142,"column":17}},{"start":{},"end":{}}],"line":139},"20":{"loc":{"start":{"line":148,"column":12},"end":{"line":153,"column":13}},"type":"if","locations":[{"start":{"line":148,"column":12},"end":{"line":153,"column":13}},{"start":{},"end":{}}],"line":148},"21":{"loc":{"start":{"line":148,"column":16},"end":{"line":148,"column":38}},"type":"binary-expr","locations":[{"start":{"line":148,"column":16},"end":{"line":148,"column":26}},{"start":{"line":148,"column":30},"end":{"line":148,"column":38}}],"line":148},"22":{"loc":{"start":{"line":150,"column":20},"end":{"line":150,"column":57}},"type":"if","locations":[{"start":{"line":150,"column":20},"end":{"line":150,"column":57}},{"start":{},"end":{}}],"line":150},"23":{"loc":{"start":{"line":158,"column":12},"end":{"line":158,"column":50}},"type":"if","locations":[{"start":{"line":158,"column":12},"end":{"line":158,"column":50}},{"start":{},"end":{}}],"line":158},"24":{"loc":{"start":{"line":159,"column":12},"end":{"line":159,"column":78}},"type":"if","locations":[{"start":{"line":159,"column":12},"end":{"line":159,"column":78}},{"start":{},"end":{}}],"line":159},"25":{"loc":{"start":{"line":182,"column":38},"end":{"line":182,"column":103}},"type":"cond-expr","locations":[{"start":{"line":182,"column":61},"end":{"line":182,"column":66}},{"start":{"line":182,"column":69},"end":{"line":182,"column":103}}],"line":182},"26":{"loc":{"start":{"line":182,"column":38},"end":{"line":182,"column":58}},"type":"binary-expr","locations":[{"start":{"line":182,"column":38},"end":{"line":182,"column":45}},{"start":{"line":182,"column":49},"end":{"line":182,"column":58}}],"line":182},"27":{"loc":{"start":{"line":217,"column":4},"end":{"line":219,"column":5}},"type":"if","locations":[{"start":{"line":217,"column":4},"end":{"line":219,"column":5}},{"start":{},"end":{}}],"line":217}},"s":{"0":2,"1":2,"2":149,"3":149,"4":149,"5":149,"6":149,"7":149,"8":149,"9":149,"10":149,"11":149,"12":149,"13":149,"14":60,"15":60,"16":149,"17":51,"18":51,"19":51,"20":1,"21":50,"22":4,"23":3,"24":0,"25":3,"26":4,"27":0,"28":4,"29":4,"30":4,"31":4,"32":4,"33":4,"34":4,"35":46,"36":46,"37":46,"38":46,"39":1,"40":0,"41":1,"42":1,"43":1,"44":46,"45":46,"46":26,"47":26,"48":1,"49":1,"50":25,"51":25,"52":25,"53":25,"54":20,"55":2,"56":18,"57":18,"58":18,"59":18,"60":18,"61":5,"62":6,"63":6,"64":6,"65":6,"66":5,"67":1,"68":4,"69":31,"70":31,"71":0,"72":31,"73":31,"74":6,"75":0,"76":6,"77":39,"78":39,"79":39,"80":38,"81":38,"82":51,"83":51,"84":44,"85":38,"86":0,"87":0,"88":38,"89":51,"90":47,"91":47,"92":42,"93":47,"94":34,"95":149,"96":6,"97":2,"98":149,"99":4,"100":4,"101":4,"102":3,"103":4,"104":149,"105":149,"106":39,"107":149,"108":32,"109":149,"110":32,"111":149,"112":30,"113":149,"114":30,"115":149,"116":30,"117":149,"118":124,"119":149,"120":145,"121":145,"122":0,"123":145},"f":{"0":149,"1":60,"2":51,"3":51,"4":0,"5":1,"6":51,"7":0,"8":47,"9":6,"10":4,"11":39,"12":32,"13":32,"14":30,"15":30,"16":30,"17":124,"18":145},"b":{"0":[149,148],"1":[51,5],"2":[1,50],"3":[4,46],"4":[3,1],"5":[4,3],"6":[0,4],"7":[0,1],"8":[26,20],"9":[1,25],"10":[26,26],"11":[25,0],"12":[2,18],"13":[6,0],"14":[1,4],"15":[0,31],"16":[0,6],"17":[6,0],"18":[39,0],"19":[38,1],"20":[38,6],"21":[44,43],"22":[0,0],"23":[42,5],"24":[34,13],"25":[0,39],"26":[39,39],"27":[0,145]},"_coverageSchema":"1a1c01bbd47fc00a2c39e90264f33305004495a9","hash":"755939b50327e7f3eda4e95826f1a36ab6a073a5"}
,"C:\\Users\\aadik\\Downloads\\PLATES\\App\\context\\BillingContext\\types.ts": {"path":"C:\\Users\\aadik\\Downloads\\PLATES\\App\\context\\BillingContext\\types.ts","statementMap":{},"fnMap":{},"branchMap":{},"s":{},"f":{},"b":{}}
,"C:\\Users\\aadik\\Downloads\\PLATES\\App\\context\\BillingContext\\functions\\billingFunctions.tsx": {"path":"C:\\Users\\aadik\\Downloads\\PLATES\\App\\context\\BillingContext\\functions\\billingFunctions.tsx","statementMap":{"0":{"start":{"line":4,"column":30},"end":{"line":4,"column":47}},"1":{"start":{"line":9,"column":4},"end":{"line":9,"column":64}},"2":{"start":{"line":14,"column":4},"end":{"line":14,"column":60}},"3":{"start":{"line":14,"column":48},"end":{"line":14,"column":60}},"4":{"start":{"line":15,"column":4},"end":{"line":20,"column":14}},"5":{"start":{"line":17,"column":12},"end":{"line":19,"column":41}},"6":{"start":{"line":25,"column":4},"end":{"line":25,"column":60}},"7":{"start":{"line":25,"column":48},"end":{"line":25,"column":60}},"8":{"start":{"line":26,"column":4},"end":{"line":31,"column":14}},"9":{"start":{"line":28,"column":12},"end":{"line":30,"column":40}},"10":{"start":{"line":36,"column":14},"end":{"line":36,"column":37}},"11":{"start":{"line":37,"column":14},"end":{"line":37,"column":36}},"12":{"start":{"line":38,"column":4},"end":{"line":38,"column":50}},"13":{"start":{"line":38,"column":38},"end":{"line":38,"column":50}},"14":{"start":{"line":39,"column":16},"end":{"line":39,"column":52}},"15":{"start":{"line":40,"column":4},"end":{"line":40,"column":45}},"16":{"start":{"line":45,"column":4},"end":{"line":45,"column":26}},"17":{"start":{"line":45,"column":14},"end":{"line":45,"column":26}},"18":{"start":{"line":46,"column":4},"end":{"line":49,"column":5}},"19":{"start":{"line":54,"column":4},"end":{"line":62,"column":5}},"20":{"start":{"line":55,"column":8},"end":{"line":55,"column":23}},"21":{"start":{"line":56,"column":23},"end":{"line":56,"column":59}},"22":{"start":{"line":57,"column":8},"end":{"line":57,"column":45}},"23":{"start":{"line":58,"column":8},"end":{"line":58,"column":35}},"24":{"start":{"line":60,"column":8},"end":{"line":60,"column":70}},"25":{"start":{"line":61,"column":8},"end":{"line":61,"column":18}},"26":{"start":{"line":67,"column":4},"end":{"line":75,"column":5}},"27":{"start":{"line":68,"column":8},"end":{"line":68,"column":23}},"28":{"start":{"line":69,"column":21},"end":{"line":69,"column":55}},"29":{"start":{"line":70,"column":8},"end":{"line":70,"column":30}},"30":{"start":{"line":71,"column":8},"end":{"line":71,"column":20}},"31":{"start":{"line":73,"column":8},"end":{"line":73,"column":70}},"32":{"start":{"line":74,"column":8},"end":{"line":74,"column":18}}},"fnMap":{"0":{"name":"hasActiveEntitlement","decl":{"start":{"line":8,"column":16},"end":{"line":8,"column":36}},"loc":{"start":{"line":8,"column":73},"end":{"line":10,"column":1}},"line":8},"1":{"name":"getMonthlyPackage","decl":{"start":{"line":13,"column":16},"end":{"line":13,"column":33}},"loc":{"start":{"line":13,"column":75},"end":{"line":21,"column":1}},"line":13},"2":{"name":"(anonymous_2)","decl":{"start":{"line":16,"column":8},"end":{"line":16,"column":9}},"loc":{"start":{"line":17,"column":12},"end":{"line":19,"column":41}},"line":17},"3":{"name":"getAnnualPackage","decl":{"start":{"line":24,"column":16},"end":{"line":24,"column":32}},"loc":{"start":{"line":24,"column":74},"end":{"line":32,"column":1}},"line":24},"4":{"name":"(anonymous_4)","decl":{"start":{"line":27,"column":8},"end":{"line":27,"column":9}},"loc":{"start":{"line":28,"column":12},"end":{"line":30,"column":40}},"line":28},"5":{"name":"getAnnualSavingsPercent","decl":{"start":{"line":35,"column":16},"end":{"line":35,"column":39}},"loc":{"start":{"line":35,"column":122},"end":{"line":41,"column":1}},"line":35},"6":{"name":"getPackagePriceInfo","decl":{"start":{"line":44,"column":16},"end":{"line":44,"column":35}},"loc":{"start":{"line":44,"column":108},"end":{"line":50,"column":1}},"line":44},"7":{"name":"purchasePackage","decl":{"start":{"line":53,"column":22},"end":{"line":53,"column":37}},"loc":{"start":{"line":53,"column":198},"end":{"line":63,"column":1}},"line":53},"8":{"name":"restorePurchases","decl":{"start":{"line":66,"column":22},"end":{"line":66,"column":38}},"loc":{"start":{"line":66,"column":176},"end":{"line":76,"column":1}},"line":66}},"branchMap":{"0":{"loc":{"start":{"line":14,"column":4},"end":{"line":14,"column":60}},"type":"if","locations":[{"start":{"line":14,"column":4},"end":{"line":14,"column":60}},{"start":{},"end":{}}],"line":14},"1":{"loc":{"start":{"line":15,"column":11},"end":{"line":20,"column":13}},"type":"binary-expr","locations":[{"start":{"line":15,"column":11},"end":{"line":20,"column":5}},{"start":{"line":20,"column":9},"end":{"line":20,"column":13}}],"line":15},"2":{"loc":{"start":{"line":17,"column":12},"end":{"line":19,"column":41}},"type":"binary-expr","locations":[{"start":{"line":17,"column":12},"end":{"line":17,"column":40}},{"start":{"line":18,"column":12},"end":{"line":18,"column":44}},{"start":{"line":19,"column":12},"end":{"line":19,"column":41}}],"line":17},"3":{"loc":{"start":{"line":25,"column":4},"end":{"line":25,"column":60}},"type":"if","locations":[{"start":{"line":25,"column":4},"end":{"line":25,"column":60}},{"start":{},"end":{}}],"line":25},"4":{"loc":{"start":{"line":26,"column":11},"end":{"line":31,"column":13}},"type":"binary-expr","locations":[{"start":{"line":26,"column":11},"end":{"line":31,"column":5}},{"start":{"line":31,"column":9},"end":{"line":31,"column":13}}],"line":26},"5":{"loc":{"start":{"line":28,"column":12},"end":{"line":30,"column":40}},"type":"binary-expr","locations":[{"start":{"line":28,"column":12},"end":{"line":28,"column":39}},{"start":{"line":29,"column":12},"end":{"line":29,"column":43}},{"start":{"line":30,"column":12},"end":{"line":30,"column":40}}],"line":28},"6":{"loc":{"start":{"line":38,"column":4},"end":{"line":38,"column":50}},"type":"if","locations":[{"start":{"line":38,"column":4},"end":{"line":38,"column":50}},{"start":{},"end":{}}],"line":38},"7":{"loc":{"start":{"line":38,"column":8},"end":{"line":38,"column":36}},"type":"binary-expr","locations":[{"start":{"line":38,"column":8},"end":{"line":38,"column":10}},{"start":{"line":38,"column":14},"end":{"line":38,"column":16}},{"start":{"line":38,"column":20},"end":{"line":38,"column":26}},{"start":{"line":38,"column":30},"end":{"line":38,"column":36}}],"line":38},"8":{"loc":{"start":{"line":40,"column":11},"end":{"line":40,"column":44}},"type":"cond-expr","locations":[{"start":{"line":40,"column":34},"end":{"line":40,"column":37}},{"start":{"line":40,"column":40},"end":{"line":40,"column":44}}],"line":40},"9":{"loc":{"start":{"line":40,"column":11},"end":{"line":40,"column":31}},"type":"binary-expr","locations":[{"start":{"line":40,"column":11},"end":{"line":40,"column":18}},{"start":{"line":40,"column":22},"end":{"line":40,"column":31}}],"line":40},"10":{"loc":{"start":{"line":45,"column":4},"end":{"line":45,"column":26}},"type":"if","locations":[{"start":{"line":45,"column":4},"end":{"line":45,"column":26}},{"start":{},"end":{}}],"line":45},"11":{"loc":{"start":{"line":47,"column":15},"end":{"line":47,"column":49}},"type":"binary-expr","locations":[{"start":{"line":47,"column":15},"end":{"line":47,"column":38}},{"start":{"line":47,"column":42},"end":{"line":47,"column":49}}],"line":47},"12":{"loc":{"start":{"line":48,"column":16},"end":{"line":48,"column":57}},"type":"binary-expr","locations":[{"start":{"line":48,"column":16},"end":{"line":48,"column":46}},{"start":{"line":48,"column":50},"end":{"line":48,"column":57}}],"line":48},"13":{"loc":{"start":{"line":60,"column":17},"end":{"line":60,"column":68}},"type":"cond-expr","locations":[{"start":{"line":60,"column":40},"end":{"line":60,"column":43}},{"start":{"line":60,"column":46},"end":{"line":60,"column":68}}],"line":60},"14":{"loc":{"start":{"line":73,"column":17},"end":{"line":73,"column":68}},"type":"cond-expr","locations":[{"start":{"line":73,"column":40},"end":{"line":73,"column":43}},{"start":{"line":73,"column":46},"end":{"line":73,"column":68}}],"line":73}},"s":{"0":3,"1":43,"2":32,"3":32,"4":0,"5":0,"6":32,"7":32,"8":0,"9":0,"10":30,"11":30,"12":30,"13":30,"14":0,"15":0,"16":60,"17":60,"18":0,"19":2,"20":2,"21":2,"22":2,"23":2,"24":0,"25":0,"26":5,"27":5,"28":5,"29":3,"30":3,"31":2,"32":2},"f":{"0":43,"1":32,"2":0,"3":32,"4":0,"5":30,"6":60,"7":2,"8":5},"b":{"0":[32,0],"1":[0,0],"2":[0,0,0],"3":[32,0],"4":[0,0],"5":[0,0,0],"6":[30,0],"7":[30,0,0,0],"8":[0,0],"9":[0,0],"10":[60,0],"11":[0,0],"12":[0,0],"13":[0,0],"14":[2,0]},"_coverageSchema":"1a1c01bbd47fc00a2c39e90264f33305004495a9","hash":"b87f5d27414afb8aede3bd2db0c7bd3885659525"}
,"C:\\Users\\aadik\\Downloads\\PLATES\\App\\context\\BillingContext\\functions\\identityGuard.ts": {"path":"C:\\Users\\aadik\\Downloads\\PLATES\\App\\context\\BillingContext\\functions\\identityGuard.ts","statementMap":{"0":{"start":{"line":9,"column":46},"end":{"line":9,"column":96}},"1":{"start":{"line":16,"column":8},"end":{"line":16,"column":45}},"2":{"start":{"line":17,"column":8},"end":{"line":17,"column":42}},"3":{"start":{"line":18,"column":8},"end":{"line":18,"column":28}},"4":{"start":{"line":29,"column":4},"end":{"line":29,"column":66}},"5":{"start":{"line":29,"column":25},"end":{"line":29,"column":66}},"6":{"start":{"line":32,"column":19},"end":{"line":32,"column":67}},"7":{"start":{"line":32,"column":62},"end":{"line":32,"column":66}},"8":{"start":{"line":33,"column":4},"end":{"line":33,"column":41}},"9":{"start":{"line":33,"column":35},"end":{"line":33,"column":41}},"10":{"start":{"line":35,"column":4},"end":{"line":35,"column":80}},"11":{"start":{"line":35,"column":30},"end":{"line":35,"column":80}},"12":{"start":{"line":37,"column":4},"end":{"line":41,"column":5}},"13":{"start":{"line":38,"column":8},"end":{"line":38,"column":45}},"14":{"start":{"line":40,"column":8},"end":{"line":40,"column":60}},"15":{"start":{"line":43,"column":22},"end":{"line":43,"column":70}},"16":{"start":{"line":43,"column":65},"end":{"line":43,"column":69}},"17":{"start":{"line":44,"column":4},"end":{"line":44,"column":92}},"18":{"start":{"line":44,"column":38},"end":{"line":44,"column":92}}},"fnMap":{"0":{"name":"(anonymous_0)","decl":{"start":{"line":15,"column":4},"end":{"line":15,"column":5}},"loc":{"start":{"line":15,"column":52},"end":{"line":19,"column":5}},"line":15},"1":{"name":"ensureBillingIdentity","decl":{"start":{"line":28,"column":22},"end":{"line":28,"column":43}},"loc":{"start":{"line":28,"column":121},"end":{"line":45,"column":1}},"line":28},"2":{"name":"(anonymous_2)","decl":{"start":{"line":32,"column":56},"end":{"line":32,"column":57}},"loc":{"start":{"line":32,"column":62},"end":{"line":32,"column":66}},"line":32},"3":{"name":"(anonymous_3)","decl":{"start":{"line":43,"column":59},"end":{"line":43,"column":60}},"loc":{"start":{"line":43,"column":65},"end":{"line":43,"column":69}},"line":43}},"branchMap":{"0":{"loc":{"start":{"line":29,"column":4},"end":{"line":29,"column":66}},"type":"if","locations":[{"start":{"line":29,"column":4},"end":{"line":29,"column":66}},{"start":{},"end":{}}],"line":29},"1":{"loc":{"start":{"line":33,"column":4},"end":{"line":33,"column":41}},"type":"if","locations":[{"start":{"line":33,"column":4},"end":{"line":33,"column":41}},{"start":{},"end":{}}],"line":33},"2":{"loc":{"start":{"line":35,"column":4},"end":{"line":35,"column":80}},"type":"if","locations":[{"start":{"line":35,"column":4},"end":{"line":35,"column":80}},{"start":{},"end":{}}],"line":35},"3":{"loc":{"start":{"line":44,"column":4},"end":{"line":44,"column":92}},"type":"if","locations":[{"start":{"line":44,"column":4},"end":{"line":44,"column":92}},{"start":{},"end":{}}],"line":44}},"s":{"0":3,"1":13,"2":13,"3":13,"4":21,"5":2,"6":19,"7":1,"8":19,"9":5,"10":14,"11":5,"12":9,"13":9,"14":3,"15":6,"16":0,"17":6,"18":3},"f":{"0":13,"1":21,"2":1,"3":0},"b":{"0":[2,19],"1":[5,14],"2":[5,9],"3":[3,3]},"_coverageSchema":"1a1c01bbd47fc00a2c39e90264f33305004495a9","hash":"f62beee95984dba82f99aa75b61ef07f5866ab32"}
,"C:\\Users\\aadik\\Downloads\\PLATES\\App\\context\\BillingContext\\functions\\sdkIdentity.ts": {"path":"C:\\Users\\aadik\\Downloads\\PLATES\\App\\context\\BillingContext\\functions\\sdkIdentity.ts","statementMap":{"0":{"start":{"line":4,"column":17},"end":{"line":4,"column":22}},"1":{"start":{"line":5,"column":31},"end":{"line":5,"column":35}},"2":{"start":{"line":9,"column":4},"end":{"line":9,"column":21}},"3":{"start":{"line":14,"column":4},"end":{"line":14,"column":20}},"4":{"start":{"line":19,"column":4},"end":{"line":19,"column":21}},"5":{"start":{"line":20,"column":4},"end":{"line":20,"column":22}},"6":{"start":{"line":25,"column":4},"end":{"line":25,"column":22}},"7":{"start":{"line":31,"column":4},"end":{"line":31,"column":22}},"8":{"start":{"line":32,"column":4},"end":{"line":32,"column":20}}},"fnMap":{"0":{"name":"isSdkConfigured","decl":{"start":{"line":8,"column":16},"end":{"line":8,"column":31}},"loc":{"start":{"line":8,"column":43},"end":{"line":10,"column":1}},"line":8},"1":{"name":"getSdkUserId","decl":{"start":{"line":13,"column":16},"end":{"line":13,"column":28}},"loc":{"start":{"line":13,"column":46},"end":{"line":15,"column":1}},"line":13},"2":{"name":"markSdkConfigured","decl":{"start":{"line":18,"column":16},"end":{"line":18,"column":33}},"loc":{"start":{"line":18,"column":56},"end":{"line":21,"column":1}},"line":18},"3":{"name":"setSdkUserId","decl":{"start":{"line":24,"column":16},"end":{"line":24,"column":28}},"loc":{"start":{"line":24,"column":58},"end":{"line":26,"column":1}},"line":24},"4":{"name":"resetSdkIdentityForTests","decl":{"start":{"line":30,"column":16},"end":{"line":30,"column":40}},"loc":{"start":{"line":30,"column":49},"end":{"line":33,"column":1}},"line":30}},"branchMap":{},"s":{"0":2,"1":2,"2":50,"3":23,"4":25,"5":25,"6":8,"7":28,"8":28},"f":{"0":50,"1":23,"2":25,"3":8,"4":28},"b":{},"_coverageSchema":"1a1c01bbd47fc00a2c39e90264f33305004495a9","hash":"8e744f4b9b17b487a2e54a8a9f2408bc2768cdd4"}
}
