TN:
SF:context\BillingContext\index.tsx
FN:19,BillingProvider
FN:35,(anonymous_1)
FN:43,(anonymous_2)
FN:50,initializeBilling
FN:58,(anonymous_4)
FN:79,(anonymous_5)
FN:146,(anonymous_6)
FN:149,(anonymous_7)
FN:156,(anonymous_8)
FN:165,(anonymous_9)
FN:170,(anonymous_10)
FN:182,(anonymous_11)
FN:185,(anonymous_12)
FN:186,(anonymous_13)
FN:187,(anonymous_14)
FN:188,(anonymous_15)
FN:189,(anonymous_16)
FN:192,(anonymous_17)
FN:215,useBilling
FNF:19
FNH:17
FNDA:149,BillingProvider
FNDA:60,(anonymous_1)
FNDA:51,(anonymous_2)
FNDA:51,initializeBilling
FNDA:0,(anonymous_4)
FNDA:1,(anonymous_5)
FNDA:51,(anonymous_6)
FNDA:0,(anonymous_7)
FNDA:47,(anonymous_8)
FNDA:6,(anonymous_9)
FNDA:4,(anonymous_10)
FNDA:39,(anonymous_11)
FNDA:32,(anonymous_12)
FNDA:32,(anonymous_13)
FNDA:30,(anonymous_14)
FNDA:30,(anonymous_15)
FNDA:30,(anonymous_16)
FNDA:124,(anonymous_17)
FNDA:145,useBilling
DA:15,2
DA:17,2
DA:20,149
DA:22,149
DA:23,149
DA:24,149
DA:25,149
DA:26,149
DA:27,149
DA:28,149
DA:29,149
DA:30,149
DA:32,149
DA:35,149
DA:36,60
DA:37,60
DA:43,149
DA:44,51
DA:48,51
DA:51,51
DA:52,1
DA:55,50
DA:57,4
DA:58,3
DA:59,0
DA:61,3
DA:63,4
DA:64,4
DA:65,4
DA:66,4
DA:67,4
DA:68,4
DA:69,4
DA:70,4
DA:73,46
DA:74,46
DA:75,46
DA:79,46
DA:80,1
DA:81,1
DA:82,1
DA:83,1
DA:86,46
DA:87,46
DA:88,26
DA:94,26
DA:95,1
DA:96,1
DA:98,25
DA:101,25
DA:102,25
DA:103,25
DA:104,20
DA:107,2
DA:111,18
DA:112,18
DA:113,18
DA:114,18
DA:115,18
DA:118,5
DA:122,6
DA:123,6
DA:124,6
DA:126,5
DA:127,4
DA:130,31
DA:131,31
DA:132,31
DA:133,31
DA:135,6
DA:136,6
DA:138,39
DA:139,39
DA:140,38
DA:141,38
DA:146,51
DA:147,51
DA:148,44
DA:149,38
DA:150,0
DA:152,38
DA:156,51
DA:157,47
DA:158,47
DA:159,47
DA:165,149
DA:166,6
DA:167,2
DA:170,149
DA:171,4
DA:172,4
DA:174,4
DA:175,3
DA:177,4
DA:181,149
DA:182,149
DA:185,149
DA:186,149
DA:187,149
DA:188,149
DA:189,149
DA:191,149
DA:192,124
DA:212,149
DA:216,145
DA:217,145
DA:218,0
DA:220,145
LF:108
LH:105
BRDA:32,0,0,149
BRDA:32,0,1,148
BRDA:48,1,0,51
BRDA:48,1,1,5
BRDA:51,2,0,1
BRDA:51,2,1,50
BRDA:55,3,0,4
BRDA:55,3,1,46
BRDA:57,4,0,3
BRDA:57,4,1,1
BRDA:57,5,0,4
BRDA:57,5,1,3
BRDA:63,6,0,0
BRDA:63,6,1,4
BRDA:80,7,0,0
BRDA:80,7,1,1
BRDA:87,8,0,26
BRDA:87,8,1,20
BRDA:94,9,0,1
BRDA:94,9,1,25
BRDA:94,10,0,26
BRDA:94,10,1,26
BRDA:98,11,0,25
BRDA:98,11,1,0
BRDA:104,12,0,2
BRDA:104,12,1,18
BRDA:122,13,0,6
BRDA:122,13,1,0
BRDA:126,14,0,1
BRDA:126,14,1,4
BRDA:131,15,0,0
BRDA:131,15,1,31
BRDA:135,16,0,0
BRDA:135,16,1,6
BRDA:136,17,0,6
BRDA:136,17,1,0
BRDA:138,18,0,39
BRDA:138,18,1,0
BRDA:139,19,0,38
BRDA:139,19,1,1
BRDA:148,20,0,38
BRDA:148,20,1,6
BRDA:148,21,0,44
BRDA:148,21,1,43
BRDA:150,22,0,0
BRDA:150,22,1,0
BRDA:158,23,0,42
BRDA:158,23,1,5
BRDA:159,24,0,34
BRDA:159,24,1,13
BRDA:182,25,0,0
BRDA:182,25,1,39
BRDA:182,26,0,39
BRDA:182,26,1,39
BRDA:217,27,0,0
BRDA:217,27,1,145
BRF:56
BRH:44
end_of_record
TN:
SF:context\BillingContext\types.ts
FNF:0
FNH:0
LF:0
LH:0
BRF:0
BRH:0
end_of_record
TN:
SF:context\BillingContext\functions\billingFunctions.tsx
FN:8,hasActiveEntitlement
FN:13,getMonthlyPackage
FN:16,(anonymous_2)
FN:24,getAnnualPackage
FN:27,(anonymous_4)
FN:35,getAnnualSavingsPercent
FN:44,getPackagePriceInfo
FN:53,purchasePackage
FN:66,restorePurchases
FNF:9
FNH:7
FNDA:43,hasActiveEntitlement
FNDA:32,getMonthlyPackage
FNDA:0,(anonymous_2)
FNDA:32,getAnnualPackage
FNDA:0,(anonymous_4)
FNDA:30,getAnnualSavingsPercent
FNDA:60,getPackagePriceInfo
FNDA:2,purchasePackage
FNDA:5,restorePurchases
DA:4,3
DA:9,43
DA:14,32
DA:15,0
DA:17,0
DA:25,32
DA:26,0
DA:28,0
DA:36,30
DA:37,30
DA:38,30
DA:39,0
DA:40,0
DA:45,60
DA:46,0
DA:54,2
DA:55,2
DA:56,2
DA:57,2
DA:58,2
DA:60,0
DA:61,0
DA:67,5
DA:68,5
DA:69,5
DA:70,3
DA:71,3
DA:73,2
DA:74,2
LF:29
LH:20
BRDA:14,0,0,32
BRDA:14,0,1,0
BRDA:15,1,0,0
BRDA:15,1,1,0
BRDA:17,2,0,0
BRDA:17,2,1,0
BRDA:17,2,2,0
BRDA:25,3,0,32
BRDA:25,3,1,0
BRDA:26,4,0,0
BRDA:26,4,1,0
BRDA:28,5,0,0
BRDA:28,5,1,0
BRDA:28,5,2,0
BRDA:38,6,0,30
BRDA:38,6,1,0
BRDA:38,7,0,30
BRDA:38,7,1,0
BRDA:38,7,2,0
BRDA:38,7,3,0
BRDA:40,8,0,0
BRDA:40,8,1,0
BRDA:40,9,0,0
BRDA:40,9,1,0
BRDA:45,10,0,60
BRDA:45,10,1,0
BRDA:47,11,0,0
BRDA:47,11,1,0
BRDA:48,12,0,0
BRDA:48,12,1,0
BRDA:60,13,0,0
BRDA:60,13,1,0
BRDA:73,14,0,2
BRDA:73,14,1,0
BRF:34
BRH:6
end_of_record
TN:
SF:context\BillingContext\functions\identityGuard.ts
FN:15,(anonymous_0)
FN:28,ensureBillingIdentity
FN:32,(anonymous_2)
FN:43,(anonymous_3)
FNF:4
FNH:3
FNDA:13,(anonymous_0)
FNDA:21,ensureBillingIdentity
FNDA:1,(anonymous_2)
FNDA:0,(anonymous_3)
DA:9,3
DA:16,13
DA:17,13
DA:18,13
DA:29,21
DA:32,19
DA:33,19
DA:35,14
DA:37,9
DA:38,9
DA:40,3
DA:43,6
DA:44,6
LF:13
LH:13
BRDA:29,0,0,2
BRDA:29,0,1,19
BRDA:33,1,0,5
BRDA:33,1,1,14
BRDA:35,2,0,5
BRDA:35,2,1,9
BRDA:44,3,0,3
BRDA:44,3,1,3
BRF:8
BRH:8
end_of_record
TN:
SF:context\BillingContext\functions\sdkIdentity.ts
FN:8,isSdkConfigured
FN:13,getSdkUserId
FN:18,markSdkConfigured
FN:24,setSdkUserId
FN:30,resetSdkIdentityForTests
FNF:5
FNH:5
FNDA:50,isSdkConfigured
FNDA:23,getSdkUserId
FNDA:25,markSdkConfigured
FNDA:8,setSdkUserId
FNDA:28,resetSdkIdentityForTests
DA:4,2
DA:5,2
DA:9,50
DA:14,23
DA:19,25
DA:20,25
DA:25,8
DA:31,28
DA:32,28
LF:9
LH:9
BRF:0
BRH:0
end_of_record
